[     963ms] [LOG] JQMIGRATE: Migrate is installed, version 3.4.1 @ https://www.twz.com/_static/??-eJzTLy/QzcxLzilNSS3WzwKiwtLUokoopZebmaeXVayjj0+Rbm5melFiSSpUsX2uraG5hbGlqYWxgWUWAK/NIi0=:4
[    1113ms] [ERROR] Failed to load resource: net::ERR_CONNECTION_CLOSED @ https://ad-delivery.net/px.gif?ch=1&e=0.2830172351443744:0
[    1119ms] [ERROR] Failed to load resource: net::ERR_CONNECTION_CLOSED @ https://ad-delivery.net/px.gif?ch=2&e=0.7165653924061746:0
[    1119ms] [ERROR] Failed to load resource: net::ERR_CONNECTION_CLOSED @ https://ad.doubleclick.net/favicon.ico?ad=300x250&ad_box_=1&adnet=1&showad=1&size=250x250&e=0.31614519710667965:0
[    1139ms] [ERROR] Failed to load resource: net::ERR_CONNECTION_CLOSED @ https://securepubads.g.doubleclick.net/tag/js/gpt.js?network-code=21817035599:0
[    1525ms] [ERROR] Failed to load resource: net::ERR_CONNECTION_CLOSED @ https://ad-delivery.net/px.gif?ch=1&e=0.6277488588985196:0
[    1833ms] [WARNING] Sailthru onsite JS failed to load. @ https://www.twz.com/_static/??-eJyNy0EKgCAQQNELpZMQ2SY6i5rYiJo4I16/oAu0+4v3YVTh7sK+MNTUAxYCMpj4al0MPINniARsgow0wT/9laRuyTW0XmYs737kXeltUcuqZh0fJd0sqw==:2
[    2396ms] [ERROR] Failed to load resource: net::ERR_CONNECTION_CLOSED @ https://ad.doubleclick.net/favicon.ico?ad=300x250&ad_box_=1&adnet=1&showad=1&size=250x250&e=0.2888141318195915:0
[    2396ms] [ERROR] Failed to load resource: net::ERR_CONNECTION_CLOSED @ https://ad-delivery.net/px.gif?ch=2&e=0.10040626002599806:0
[    2397ms] [ERROR] Failed to load resource: net::ERR_CONNECTION_CLOSED @ https://ad-delivery.net/px.gif?ch=1&e=0.9327946276788861:0
[    2786ms] [LOG] Messaging without detection successfully executed. @ https://cdn.privacy-mgmt.com/unified/wrapperMessagingWithoutDetection.js:0
[    2787ms] [LOG] [event] onSPReady [undefined] @ https://www.twz.com/latest:198
[    2787ms] [LOG] [event] onMessageReceiveData [usnat, Object] @ https://www.twz.com/latest:195
[    2787ms] [LOG] [event] onConsentReady [usnat, 0bfef427-869b-462c-91a8-1b028105f40e, undefined, Object] @ https://www.twz.com/latest:207
[    2793ms] [LOG] [event] onMessageReceiveData [gdpr, Object] @ https://www.twz.com/latest:195
[    2806ms] [ERROR] Failed to load resource: net::ERR_CONNECTION_CLOSED @ https://ad-delivery.net/px.gif?ch=1&e=0.240247049973922:0
[    3217ms] [ERROR] Failed to load resource: net::ERR_CONNECTION_CLOSED @ https://ad-delivery.net/px.gif?ch=1&e=0.846969425564804:0
[    3441ms] [LOG] [event] onMessageReady [gdpr] @ https://www.twz.com/latest:192
[    3641ms] [ERROR] Failed to load resource: net::ERR_CONNECTION_CLOSED @ https://ad-delivery.net/px.gif?ch=1&e=0.6508739338447693:0
[    3883ms] [ERROR] Failed to load resource: net::ERR_CONNECTION_CLOSED @ https://stg-content.twz.com/uploads/2022/02/09/logo-thewarzone-color.svg?auto=webp:0
[    4061ms] [ERROR] Failed to load resource: net::ERR_CONNECTION_CLOSED @ https://ad-delivery.net/px.gif?ch=1&e=0.30486141098680497:0
[    6145ms] [ERROR] Failed to load resource: net::ERR_CONNECTION_CLOSED @ https://c.amazon-adsystem.com/aax2/apstag.js:0
[    9183ms] [WARNING] The resource https://www.twz.com/wp-content/uploads/2026/07/F15E-APKWS-SAUDI.jpg?w=1152&h=648&quality=85 was preloaded using link preload but not used within a few seconds from the window's load event. Please make sure it has an appropriate `as` value and it is preloaded intentionally. @ https://www.twz.com/latest:0
[   12821ms] [WARNING] The resource https://www.twz.com/wp-content/uploads/2026/07/F15E-APKWS-SAUDI.jpg?w=1152&h=648&quality=85 was preloaded using link preload but not used within a few seconds from the window's load event. Please make sure it has an appropriate `as` value and it is preloaded intentionally. @ https://www.twz.com/latest:0
