[    5014ms] [LOG] JQMIGRATE: Migrate is installed, version 3.4.1 @ https://www.twz.com/_static/??-eJzTLy/QzcxLzilNSS3WzwKiwtLUokoopZebmaeXVayjj0+Rbm5melFiSSpUsX2uraG5hbGlqYWxgWUWAK/NIi0=:4
[    5767ms] [ERROR] Failed to load resource: net::ERR_CONNECTION_CLOSED @ https://ad-delivery.net/px.gif?ch=2&e=0.18599010095638446:0
[    5768ms] [ERROR] Failed to load resource: net::ERR_CONNECTION_CLOSED @ https://ad-delivery.net/px.gif?ch=1&e=0.9775946758743072:0
[    5768ms] [ERROR] Failed to load resource: net::ERR_CONNECTION_CLOSED @ https://ad.doubleclick.net/favicon.ico?ad=300x250&ad_box_=1&adnet=1&showad=1&size=250x250&e=0.08353300556838017:0
[    6021ms] [ERROR] Failed to load resource: net::ERR_CONNECTION_CLOSED @ https://securepubads.g.doubleclick.net/tag/js/gpt.js?network-code=21817035599:0
[    6176ms] [ERROR] Failed to load resource: net::ERR_CONNECTION_CLOSED @ https://ad-delivery.net/px.gif?ch=1&e=0.27481182308523644:0
[    7098ms] [ERROR] Failed to load resource: net::ERR_CONNECTION_CLOSED @ https://ad-delivery.net/px.gif?ch=2&e=0.02267457565565023:0
[    7098ms] [ERROR] Failed to load resource: net::ERR_CONNECTION_CLOSED @ https://ad-delivery.net/px.gif?ch=1&e=0.34860285910735256:0
[    7098ms] [ERROR] Failed to load resource: net::ERR_CONNECTION_CLOSED @ https://ad.doubleclick.net/favicon.ico?ad=300x250&ad_box_=1&adnet=1&showad=1&size=250x250&e=0.49416505097163443:0
[    7505ms] [ERROR] Failed to load resource: net::ERR_CONNECTION_CLOSED @ https://ad-delivery.net/px.gif?ch=1&e=0.26491576412642703:0
[    7911ms] [ERROR] Failed to load resource: net::ERR_CONNECTION_CLOSED @ https://ad-delivery.net/px.gif?ch=1&e=0.3803354493392682:0
[    8324ms] [ERROR] Failed to load resource: net::ERR_CONNECTION_CLOSED @ https://ad-delivery.net/px.gif?ch=1&e=0.6134204559398786:0
[    8741ms] [LOG] Messaging without detection successfully executed. @ https://cdn.privacy-mgmt.com/unified/wrapperMessagingWithoutDetection.js:0
[    8742ms] [LOG] [event] onSPReady [undefined] @ https://www.twz.com/:210
[    8743ms] [LOG] [event] onMessageReceiveData [usnat, Object] @ https://www.twz.com/:207
[    8743ms] [LOG] [event] onConsentReady [usnat, null, undefined, Object] @ https://www.twz.com/:219
[    8757ms] [LOG] [event] onMessageReceiveData [gdpr, Object] @ https://www.twz.com/:207
[    8775ms] [ERROR] Failed to load resource: net::ERR_CONNECTION_CLOSED @ https://ad-delivery.net/px.gif?ch=1&e=0.2083712506485874:0
[    9788ms] [LOG] [event] onMessageReady [gdpr] @ https://www.twz.com/:204
[    9946ms] [WARNING] Sailthru onsite JS failed to load. @ https://www.twz.com/_static/??-eJyNy0EKgCAQQNELpZMQ2SY6i5rYiJo4I16/oAu0+4v3YVTh7sK+MNTUAxYCMpj4al0MPINniARsgow0wT/9laRuyTW0XmYs737kXeltUcuqZh0fJd0sqw==:2
[   11346ms] [ERROR] Failed to load resource: net::ERR_CONNECTION_CLOSED @ https://c.amazon-adsystem.com/aax2/apstag.js:0
[   13015ms] [ERROR] Failed to load resource: net::ERR_CONNECTION_CLOSED @ https://match.adsrvr.org/track/cmf/generic?ttd_pid=eyeota&ttd_tpi=1&gdpr=0&gdpr_consent=&ttd_passthrough=%26referrer_pid%3Dm51mh00:0
[   13015ms] [ERROR] Failed to load resource: net::ERR_CONNECTION_CLOSED @ https://cm.g.doubleclick.net/pixel?google_nid=eye&google_cm&google_sc&google_hm=MmkzRGZZNUQ1cFZFeTBMWDJGc3BhakgxQ2NFUE10S3ZsNHRXUGhkOVZtZXc&gdpr=0&gdpr_consent=&uid=1&bid=gdo9o51&newuser=1&referrer_pid=m51mh00:0
[   13015ms] [ERROR] Failed to load resource: net::ERR_CONNECTION_CLOSED @ https://d.turn.com/r/dd/id/L2NzaWQvMS9jaWQvMjg0NTA1NDYvdC8w/url/https://ps.eyeota.net/match?bid=1mpjpn0&turn_id=$!{TURN_UUID}&newuser=1&referrer_pid=m51mh00:0
[   13015ms] [ERROR] Failed to load resource: net::ERR_CONNECTION_CLOSED @ https://sync-tm.everesttech.net/upi/pid/lons7jax?redir=https%3A%2F%2Fps.eyeota.net%2Fmatch%3Fuid%3D%24%7BTM_USER_ID%7D%26bid%3D0rijhbu%26referrer_pid%3Dm51mh00:0
[   13015ms] [ERROR] Failed to load resource: net::ERR_CONNECTION_CLOSED @ https://ib.adnxs.com/getuid?https%3A%2F%2Fps.eyeota.net%2Fmatch%3Fuid%3D%24UID%26bid%3D2cr76e1%26referrer_pid%3Dm51mh00:0
[   13253ms] [ERROR] Failed to load resource: net::ERR_CONNECTION_CLOSED @ https://stg-content.twz.com/uploads/2022/02/09/logo-thewarzone-color.svg?auto=webp:0
[   19629ms] [ERROR] Failed to load resource: net::ERR_CONNECTION_CLOSED @ https://match.adsrvr.org/track/cmf/generic?ttd_pid=tapad&ttd_tpi=1&ttd_puid=4fa5e2fd-3f3e-4d6c-abe9-992a86274690%252C%252C&gdpr=0&gdpr_consent=:0
[   23491ms] [ERROR] Failed to load resource: net::ERR_CONNECTION_CLOSED @ https://trc.taboola.com/sg/eyeota/1/cm:0
[   23491ms] [ERROR] Failed to load resource: net::ERR_CONNECTION_CLOSED @ https://sync.inmobi.com/setuid?bidderID=120&gdpr=0&gdpr_consent=&dspUserId={UUID_d9gd6cu}:0
[   23491ms] [ERROR] Failed to load resource: net::ERR_CONNECTION_CLOSED @ https://cm.mgid.com/m?cdsp=737575&gdpr=0&gdpr_consent=:0
[   23491ms] [ERROR] Failed to load resource: net::ERR_CONNECTION_CLOSED @ https://token.rubiconproject.com/token?pid=60638&puid={UUID_4o6u3ru}&gdpr=0&gdpr_consent=:0
[   28994ms] [ERROR] Failed to load resource: net::ERR_CONNECTION_CLOSED @ https://us-u.openx.net/w/1.0/cm?id=24c0ca7d-d0ae-4aa7-84d8-808d13323f70&gdpr=0&gdpr_consent=&r=https%3A%2F%2Fps.eyeota.net%2Fmatch%3Fbid%3Db2c3gm1%26uid%3D%7BOPENX_ID%7D:0
[   34390ms] [ERROR] Failed to load resource: net::ERR_CONNECTION_CLOSED @ https://sync.sharethis.com/eyeota?uid=2KbhxLXutzb8_HRxmsk8KKOkU-yh8KemprtNcS86UXJ8&gdpr=0&gdpr_consent=:0
[   34815ms] [LOG] {} @ https://d2qlq4kdetaeuz.cloudfront.net/eyewise-id-module/eyewise-id-module-cookies-consent.js?token=dGVzdHRva2VuOg==:58
[   40378ms] [ERROR] Failed to load resource: net::ERR_CONNECTION_CLOSED @ https://visitor.fiftyt.com/p.gif?ev=sync&bstep=2&p=ey&uid=2W69B3on9UcMGbu0krBlc7jVW_gsKptSIhpWAMf2HEYE:0
[   40650ms] [ERROR] Failed to load resource: net::ERR_CONNECTION_CLOSED @ https://static.aroa.io/sync/sync.php?eyeid=2hzn29u_CLDW6SuZOyi8Zg1Nmhft6Nqis8WF8Nmn03FQ:0
